0 info it worked if it ends with ok
1 verbose cli [ '/usr/local/bin/node',
1 verbose cli   '/usr/local/bin/npm',
1 verbose cli   'run',
1 verbose cli   'serve:dist' ]
2 info using npm@2.15.1
3 info using node@v4.4.4
4 verbose run-script [ 'preserve:dist', 'serve:dist', 'postserve:dist' ]
5 info preserve:dist angular2-tour-of-heroes@0.0.1
6 verbose unsafe-perm in lifecycle true
7 info serve:dist angular2-tour-of-heroes@0.0.1
8 verbose unsafe-perm in lifecycle true
9 info angular2-tour-of-heroes@0.0.1 Failed to exec serve:dist script
10 verbose stack Error: angular2-tour-of-heroes@0.0.1 serve:dist: `static dist -z`
10 verbose stack Exit status 1
10 verbose stack     at EventEmitter.<anonymous> (/usr/local/lib/node_modules/npm/lib/utils/lifecycle.js:217:16)
10 verbose stack     at emitTwo (events.js:87:13)
10 verbose stack     at EventEmitter.emit (events.js:172:7)
10 verbose stack     at ChildProcess.<anonymous> (/usr/local/lib/node_modules/npm/lib/utils/spawn.js:24:14)
10 verbose stack     at emitTwo (events.js:87:13)
10 verbose stack     at ChildProcess.emit (events.js:172:7)
10 verbose stack     at maybeClose (internal/child_process.js:827:16)
10 verbose stack     at Process.ChildProcess._handle.onexit (internal/child_process.js:211:5)
11 verbose pkgid angular2-tour-of-heroes@0.0.1
12 verbose cwd /Users/rchou/workspace/angular2-tour-of-heroes-1
13 error Darwin 15.3.0
14 error argv "/usr/local/bin/node" "/usr/local/bin/npm" "run" "serve:dist"
15 error node v4.4.4
16 error npm  v2.15.1
17 error code ELIFECYCLE
18 error angular2-tour-of-heroes@0.0.1 serve:dist: `static dist -z`
18 error Exit status 1
19 error Failed at the angular2-tour-of-heroes@0.0.1 serve:dist script 'static dist -z'.
19 error This is most likely a problem with the angular2-tour-of-heroes package,
19 error not with npm itself.
19 error Tell the author that this fails on your system:
19 error     static dist -z
19 error You can get information on how to open an issue for this project with:
19 error     npm bugs angular2-tour-of-heroes
19 error Or if that isn't available, you can get their info via:
19 error
19 error     npm owner ls angular2-tour-of-heroes
19 error There is likely additional logging output above.
20 verbose exit [ 1, true ]
